edu.mit.Scratch
org.libreoffice.LibreOffice
com.vscodium.codium
org.gimp.GIMP
org.inkscape.Inkscape
org.videolan.VLC
org.gnome.Calculator
org.gnome.Calendar
org.gnome.Characters
org.gnome.Connections
org.gnome.Contacts
org.gnome.Evince
org.gnome.Logs
org.gnome.Loupe
org.gnome.Maps
org.gnome.Snapshot
org.gnome.TextEditor
org.gnome.Weather
org.gnome.baobab
org.gnome.clocks
org.gnome.font-viewer
org.thonny.Thonny
org.jupyter.JupyterLab
cc.arduino.IDE2
org.greenfoot.Greenfoot
ch.openboard.OpenBoard
